<?xml version="1.0" encoding="UTF-8"?>
<testsuite name="com.m3.rajat.piyush.studymatealpha.PasswordUtilsTest" tests="11" skipped="0" failures="0" errors="0" timestamp="2026-03-03T05:00:10.646Z" hostname="DESKTOP-J2KKNAS" time="0.521">
  <properties/>
  <testcase name="verifyPassword_malformedHash_returnsFalse" classname="com.m3.rajat.piyush.studymatealpha.PasswordUtilsTest" time="0.019"/>
  <testcase name="verifyPassword_correctPassword_returnsTrue" classname="com.m3.rajat.piyush.studymatealpha.PasswordUtilsTest" time="0.22"/>
  <testcase name="hashPassword_containsSaltSeparator" classname="com.m3.rajat.piyush.studymatealpha.PasswordUtilsTest" time="0.061"/>
  <testcase name="hashPassword_unicodeCharacters" classname="com.m3.rajat.piyush.studymatealpha.PasswordUtilsTest" time="0.057"/>
  <testcase name="verifyPassword_wrongPassword_returnsFalse" classname="com.m3.rajat.piyush.studymatealpha.PasswordUtilsTest" time="0.029"/>
  <testcase name="hashPassword_specialCharacters" classname="com.m3.rajat.piyush.studymatealpha.PasswordUtilsTest" time="0.033"/>
  <testcase name="hashPassword_producesUniqueSalts" classname="com.m3.rajat.piyush.studymatealpha.PasswordUtilsTest" time="0.029"/>
  <testcase name="verifyPassword_emptyHash_returnsFalse" classname="com.m3.rajat.piyush.studymatealpha.PasswordUtilsTest" time="0.001"/>
  <testcase name="hashPassword_longPassword" classname="com.m3.rajat.piyush.studymatealpha.PasswordUtilsTest" time="0.03"/>
  <testcase name="hashPassword_producesNonEmptyResult" classname="com.m3.rajat.piyush.studymatealpha.PasswordUtilsTest" time="0.014"/>
  <testcase name="verifyPassword_emptyPassword_returnsFalse" classname="com.m3.rajat.piyush.studymatealpha.PasswordUtilsTest" time="0.027"/>
  <system-out><![CDATA[]]></system-out>
  <system-err><![CDATA[]]></system-err>
</testsuite>
